Exporter version: 6.2.0, Blender version: 2.80 (sub 75)
========= Conversion from Blender to Babylon.js =========
	Scene settings used :
		inline textures     :  false
		Material Type       :  PBR
		Positions Precision :  4
		Normals Precision   :  3
		UVs Precision       :  3
		Vert Color Precision:  3
		Mat Weight Precision:  2
		texture directory   :  C:\Users\svent\Documents\SvenFrankson\voxels\datas\meshes\
	Python World class constructor completed
	WARNING: No active camera has been assigned, or is not in a currently selected Blender layer
	processing begun of mesh:  brick-1-1-1
		processing begun of material:  Material
		num positions      :  30
		num normals        :  30
		num tangents       :  0
		num uvs            :  60
		num uvs2           :  0
		num colors         :  0
		num indices        :  36
	processing begun of mesh:  brick-1-1-2
		processing begun of material:  Material
		registered as also a user of material:  Material
		num positions      :  30
		num normals        :  30
		num tangents       :  0
		num uvs            :  60
		num uvs2           :  0
		num colors         :  0
		num indices        :  36
	processing begun of mesh:  brick-1-1-4
		processing begun of material:  Material
		registered as also a user of material:  Material
		num positions      :  30
		num normals        :  30
		num tangents       :  0
		num uvs            :  60
		num uvs2           :  0
		num colors         :  0
		num indices        :  36
	processing begun of mesh:  ramp-1-1-2
		processing begun of material:  Material
		registered as also a user of material:  Material
		num positions      :  48
		num normals        :  48
		num tangents       :  0
		num uvs            :  96
		num uvs2           :  0
		num colors         :  0
		num indices        :  60
	processing begun of mesh:  ramp-1-1-4
		processing begun of material:  Material
		registered as also a user of material:  Material
		num positions      :  48
		num normals        :  48
		num tangents       :  0
		num uvs            :  96
		num uvs2           :  0
		num colors         :  0
		num indices        :  60
	processing begun of mesh:  bar-1-1-1
		processing begun of material:  Material
		registered as also a user of material:  Material
		num positions      :  30
		num normals        :  30
		num tangents       :  0
		num uvs            :  60
		num uvs2           :  0
		num colors         :  0
		num indices        :  36
	processing begun of mesh:  bar-1-1-2
		processing begun of material:  Material
		registered as also a user of material:  Material
		num positions      :  30
		num normals        :  30
		num tangents       :  0
		num uvs            :  60
		num uvs2           :  0
		num colors         :  0
		num indices        :  36
	processing begun of mesh:  bar-1-1-4
		processing begun of material:  Material
		registered as also a user of material:  Material
		num positions      :  30
		num normals        :  30
		num tangents       :  0
		num uvs            :  60
		num uvs2           :  0
		num colors         :  0
		num indices        :  36
========= Writing of JSON file started =========
	writing mesh:  brick-1-1-1
	writing mesh:  brick-1-1-2
	writing mesh:  brick-1-1-4
	writing mesh:  ramp-1-1-2
	writing mesh:  ramp-1-1-4
	writing mesh:  bar-1-1-1
	writing mesh:  bar-1-1-2
	writing mesh:  bar-1-1-4
========= Writing of JSON file completed =========
========= end of processing =========
elapsed time:  0 min, 0.244 secs
