Exporter version: 6.2.0, Blender version: 2.80 (sub 75)
========= Conversion from Blender to Babylon.js =========
	Scene settings used :
		inline textures     :  false
		Material Type       :  PBR
		Positions Precision :  4
		Normals Precision   :  3
		UVs Precision       :  3
		Vert Color Precision:  3
		Mat Weight Precision:  2
		texture directory   :  C:\Users\svent\Documents\SvenFrankson\voxels\datas\meshes\
	Python World class constructor completed
	WARNING: No active camera has been assigned, or is not in a currently selected Blender layer
	processing begun of mesh:  guard-corner
		WARNING: No materials have been assigned: 
		num positions      :  133
		num normals        :  133
		num tangents       :  0
		num uvs            :  266
		num uvs2           :  0
		num colors         :  0
		num indices        :  174
	processing begun of mesh:  guard
		WARNING: No materials have been assigned: 
		num positions      :  71
		num normals        :  71
		num tangents       :  0
		num uvs            :  142
		num uvs2           :  0
		num colors         :  0
		num indices        :  90
========= Writing of JSON file started =========
	writing mesh:  guard-corner
	writing mesh:  guard
========= Writing of JSON file completed =========
========= end of processing =========
elapsed time:  0 min, 0.0381 secs
