Exporter version: 6.2.0, Blender version: 2.80 (sub 75)
========= Conversion from Blender to Babylon.js =========
	Scene settings used :
		inline textures     :  false
		Material Type       :  PBR
		Positions Precision :  4
		Normals Precision   :  3
		UVs Precision       :  3
		Vert Color Precision:  3
		Mat Weight Precision:  2
		texture directory   :  C:\Users\svent\Documents\SvenFrankson\voxels\datas\meshes\
	Python World class constructor completed
	WARNING: No active camera has been assigned, or is not in a currently selected Blender layer
	processing begun of mesh:  knob-lod0
		WARNING: No materials have been assigned: 
		num positions      :  37
		num normals        :  37
		num tangents       :  0
		num uvs            :  74
		num uvs2           :  0
		num colors         :  0
		num indices        :  108
	processing begun of mesh:  knob-lod1
		WARNING: No materials have been assigned: 
		num positions      :  25
		num normals        :  25
		num tangents       :  0
		num uvs            :  50
		num uvs2           :  0
		num colors         :  0
		num indices        :  72
	processing begun of mesh:  knob-lod2
		WARNING: No materials have been assigned: 
		num positions      :  12
		num normals        :  12
		num tangents       :  0
		num uvs            :  24
		num uvs2           :  0
		num colors         :  0
		num indices        :  30
========= Writing of JSON file started =========
	writing mesh:  knob-lod0
	writing mesh:  knob-lod1
	writing mesh:  knob-lod2
========= Writing of JSON file completed =========
========= end of processing =========
elapsed time:  0 min, 0.0521 secs
