Exporter version: 6.2.0, Blender version: 2.80 (sub 75)
========= Conversion from Blender to Babylon.js =========
	Scene settings used :
		inline textures     :  false
		Material Type       :  PBR
		Positions Precision :  4
		Normals Precision   :  3
		UVs Precision       :  3
		Vert Color Precision:  3
		Mat Weight Precision:  2
		texture directory   :  C:\Users\svent\Documents\SvenFrankson\voxels\datas\meshes\
	Python World class constructor completed
	WARNING: No active camera has been assigned, or is not in a currently selected Blender layer
	processing begun of mesh:  leaf-1
		WARNING: No materials have been assigned: 
		num positions      :  30
		num normals        :  30
		num tangents       :  0
		num uvs            :  60
		num uvs2           :  0
		num colors         :  0
		num indices        :  96
	processing begun of mesh:  leaf-1.001
		WARNING: No materials have been assigned: 
		num positions      :  30
		num normals        :  30
		num tangents       :  0
		num uvs            :  60
		num uvs2           :  0
		num colors         :  0
		num indices        :  96
	processing begun of mesh:  leaf-1.002
		WARNING: No materials have been assigned: 
		num positions      :  30
		num normals        :  30
		num tangents       :  0
		num uvs            :  60
		num uvs2           :  0
		num colors         :  0
		num indices        :  96
	processing begun of mesh:  leaf-1.003
		WARNING: No materials have been assigned: 
		num positions      :  30
		num normals        :  30
		num tangents       :  0
		num uvs            :  60
		num uvs2           :  0
		num colors         :  0
		num indices        :  96
	processing begun of mesh:  leaf-1.004
		WARNING: No materials have been assigned: 
		num positions      :  30
		num normals        :  30
		num tangents       :  0
		num uvs            :  60
		num uvs2           :  0
		num colors         :  0
		num indices        :  96
========= Writing of JSON file started =========
	writing mesh:  leaf-1
	writing mesh:  leaf-1.001
	writing mesh:  leaf-1.002
	writing mesh:  leaf-1.003
	writing mesh:  leaf-1.004
========= Writing of JSON file completed =========
========= end of processing =========
elapsed time:  0 min, 0.2767 secs
