Exporter version: 6.2.0, Blender version: 2.80 (sub 75)
========= Conversion from Blender to Babylon.js =========
	Scene settings used :
		inline textures     :  false
		Material Type       :  PBR
		Positions Precision :  4
		Normals Precision   :  3
		UVs Precision       :  3
		Vert Color Precision:  3
		Mat Weight Precision:  2
		texture directory   :  C:\Users\svent\Documents\SvenFrankson\voxels\datas\meshes\
	Python World class constructor completed
	WARNING: No active camera has been assigned, or is not in a currently selected Blender layer
	processing begun of mesh:  Foot
		processing begun of material:  Material
		num positions      :  150
		num normals        :  150
		num tangents       :  0
		num uvs            :  300
		num uvs2           :  0
		num colors         :  0
		num indices        :  180
	processing begun of mesh:  Body
		WARNING: No materials have been assigned: 
		num positions      :  52
		num normals        :  52
		num tangents       :  0
		num uvs            :  104
		num uvs2           :  0
		num colors         :  0
		num indices        :  60
========= Writing of JSON file started =========
	writing mesh:  Foot
	writing mesh:  Body
========= Writing of JSON file completed =========
========= end of processing =========
elapsed time:  0 min, 0.3412 secs
