Exporter version: 6.4.3, Blender version: 2.82 (sub 7)
========= Conversion from Blender to Babylon.js =========
	Scene settings used :
		Inline textures     :  false
		Material Type       :  PBR
		Positions Precision :  4
		Normals Precision   :  3
		UVs Precision       :  3
		Vert Color Precision:  3
		Mat Weight Precision:  2
		Keep Z-up r-handed  :  no
		Texture directory   :  C:\Users\staton\Documents\voxels\datas\meshes\
	Python World class constructor completed
	WARNING: No active camera has been assigned, or is not in a currently selected Blender layer
	processing begun of mesh:  windshield-6x2x2-lod0
		WARNING: No materials have been assigned: 
		num positions      :  818
		num normals        :  818
		num tangents       :  0
		num uvs            :  1636
		num uvs2           :  0
		num colors         :  0
		num triangles      :  364
	processing begun of mesh:  windshield-6x3x2-lod0
		WARNING: No materials have been assigned: 
		num positions      :  942
		num normals        :  942
		num tangents       :  0
		num uvs            :  1884
		num uvs2           :  0
		num colors         :  0
		num triangles      :  360
	processing begun of mesh:  windshield-6x2x2-lod1
		WARNING: No materials have been assigned: 
		num positions      :  30
		num normals        :  30
		num tangents       :  0
		num uvs            :  60
		num uvs2           :  0
		num colors         :  0
		num triangles      :  12
	processing begun of mesh:  windshield-6x3x2-lod1
		WARNING: No materials have been assigned: 
		num positions      :  30
		num normals        :  30
		num tangents       :  0
		num uvs            :  60
		num uvs2           :  0
		num colors         :  0
		num triangles      :  12
========= Writing of JSON file started =========
	writing mesh:  windshield-6x2x2-lod0
	writing mesh:  windshield-6x3x2-lod0
	writing mesh:  windshield-6x2x2-lod1
	writing mesh:  windshield-6x3x2-lod1
========= Writing of JSON file completed =========
========= end of processing =========
elapsed time:  0 min, 0.09 secs
